[0.718s] Invoking command in '/home/fbr/Lab2/build/very_simple_robot_simulator': CMAKE_PREFIX_PATH=${CMAKE_PREFIX_PATH}:/home/fbr/work1_ws/install/laboratorio:/home/fbr/ros2_ws/install/my_first_package:/opt/ros/humble /usr/bin/cmake /home/fbr/Lab2/src/very_simple_robot_simulator -DCMAKE_INSTALL_PREFIX=/home/fbr/Lab2/install/very_simple_robot_simulator
[0.746s] -- Found ament_cmake: 1.3.8 (/opt/ros/humble/share/ament_cmake/cmake)
[1.071s] -- Override CMake install command with custom implementation using symlinks instead of copying resources
[1.091s] -- Found rclcpp: 16.0.8 (/opt/ros/humble/share/rclcpp/cmake)
[1.475s] -- Found rosidl_generator_c: 3.1.5 (/opt/ros/humble/share/rosidl_generator_c/cmake)
[1.487s] -- Found rosidl_adapter: 3.1.5 (/opt/ros/humble/share/rosidl_adapter/cmake)
[1.505s] -- Found rosidl_generator_cpp: 3.1.5 (/opt/ros/humble/share/rosidl_generator_cpp/cmake)
[1.536s] -- Using all available rosidl_typesupport_c: rosidl_typesupport_fastrtps_c;rosidl_typesupport_introspection_c
[1.591s] -- Using all available rosidl_typesupport_cpp: rosidl_typesupport_fastrtps_cpp;rosidl_typesupport_introspection_cpp
[1.807s] -- Found rmw_implementation_cmake: 6.1.1 (/opt/ros/humble/share/rmw_implementation_cmake/cmake)
[1.815s] -- Found rmw_fastrtps_cpp: 6.2.6 (/opt/ros/humble/share/rmw_fastrtps_cpp/cmake)
[14.701s] -- Using RMW implementation 'rmw_fastrtps_cpp' as default
[15.145s] -- Found rclpy: 3.3.12 (/opt/ros/humble/share/rclpy/cmake)
[15.146s] -- Found image_transport: 3.1.9 (/opt/ros/humble/share/image_transport/cmake)
[18.117s] -- Found nav_msgs: 4.2.3 (/opt/ros/humble/share/nav_msgs/cmake)
[18.291s] -- Found tf2: 0.25.6 (/opt/ros/humble/share/tf2/cmake)
[18.307s] -- Found tf2_geometry_msgs: 0.25.6 (/opt/ros/humble/share/tf2_geometry_msgs/cmake)
[18.317s] -- Found eigen3_cmake_module: 0.1.1 (/opt/ros/humble/share/eigen3_cmake_module/cmake)
[18.319s] -- Ensuring Eigen3 include directory is part of orocos-kdl CMake target
[19.045s] -- Found cv_bridge: 3.2.1 (/opt/ros/humble/share/cv_bridge/cmake)
[19.226s] -- Found ament_lint_auto: 0.12.10 (/opt/ros/humble/share/ament_lint_auto/cmake)
[19.377s] -- Added test 'cppcheck' to perform static code analysis on C / C++ code
[19.380s] -- Configured cppcheck include dirs: /home/fbr/Lab2/src/very_simple_robot_simulator/include/very_simple_robot_simulator
[19.381s] -- Configured cppcheck exclude dirs and/or files: 
[19.383s] -- Added test 'flake8' to check Python code syntax and style conventions
[19.387s] -- Added test 'lint_cmake' to check CMake code style
[19.389s] -- Added test 'pep257' to check Python code against some of the docstring style conventions in PEP 257
[19.395s] -- Added test 'uncrustify' to check C / C++ code style
[19.396s] -- Configured uncrustify additional arguments: 
[19.397s] -- Added test 'xmllint' to check XML markup files
[19.399s] -- Configuring done
[19.437s] -- Generating done
[19.441s] -- Build files have been written to: /home/fbr/Lab2/build/very_simple_robot_simulator
[19.459s] Invoked command in '/home/fbr/Lab2/build/very_simple_robot_simulator' returned '0': CMAKE_PREFIX_PATH=${CMAKE_PREFIX_PATH}:/home/fbr/work1_ws/install/laboratorio:/home/fbr/ros2_ws/install/my_first_package:/opt/ros/humble /usr/bin/cmake /home/fbr/Lab2/src/very_simple_robot_simulator -DCMAKE_INSTALL_PREFIX=/home/fbr/Lab2/install/very_simple_robot_simulator
[19.463s] Invoking command in '/home/fbr/Lab2/build/very_simple_robot_simulator': CMAKE_PREFIX_PATH=${CMAKE_PREFIX_PATH}:/home/fbr/work1_ws/install/laboratorio:/home/fbr/ros2_ws/install/my_first_package:/opt/ros/humble /usr/bin/cmake --build /home/fbr/Lab2/build/very_simple_robot_simulator -- -j4 -l4
[19.534s] [35m[1mConsolidate compiler generated dependencies of target kinect_simulator[0m
[19.547s] failed to create symbolic link '/home/fbr/Lab2/build/very_simple_robot_simulator/ament_cmake_python/very_simple_robot_simulator/very_simple_robot_simulator' because existing path cannot be removed: Is a directory
[19.549s] gmake[2]: *** [CMakeFiles/ament_cmake_python_symlink_very_simple_robot_simulator.dir/build.make:70: CMakeFiles/ament_cmake_python_symlink_very_simple_robot_simulator] Error 1
[19.549s] gmake[1]: *** [CMakeFiles/Makefile2:166: CMakeFiles/ament_cmake_python_symlink_very_simple_robot_simulator.dir/all] Error 2
[19.550s] gmake[1]: *** Waiting for unfinished jobs....
[19.576s] [100%] Built target kinect_simulator
[19.578s] gmake: *** [Makefile:146: all] Error 2
[19.582s] Invoked command in '/home/fbr/Lab2/build/very_simple_robot_simulator' returned '2': CMAKE_PREFIX_PATH=${CMAKE_PREFIX_PATH}:/home/fbr/work1_ws/install/laboratorio:/home/fbr/ros2_ws/install/my_first_package:/opt/ros/humble /usr/bin/cmake --build /home/fbr/Lab2/build/very_simple_robot_simulator -- -j4 -l4
