[0.599s] Invoking command in '/home/fbr/Lab2/build/very_simple_robot_simulator': CMAKE_PREFIX_PATH=${CMAKE_PREFIX_PATH}:/home/fbr/work1_ws/install/laboratorio:/home/fbr/ros2_ws/install/my_first_package:/opt/ros/humble /usr/bin/cmake --build /home/fbr/Lab2/build/very_simple_robot_simulator -- -j4 -l4
[0.713s] failed to create symbolic link '/home/fbr/Lab2/build/very_simple_robot_simulator/ament_cmake_python/very_simple_robot_simulator/very_simple_robot_simulator' because existing path cannot be removed: Is a directory
[0.715s] gmake[2]: *** [CMakeFiles/ament_cmake_python_symlink_very_simple_robot_simulator.dir/build.make:70: CMakeFiles/ament_cmake_python_symlink_very_simple_robot_simulator] Error 1
[0.717s] gmake[1]: *** [CMakeFiles/Makefile2:166: CMakeFiles/ament_cmake_python_symlink_very_simple_robot_simulator.dir/all] Error 2
[0.718s] gmake[1]: *** Waiting for unfinished jobs....
[0.760s] [100%] Built target kinect_simulator
[0.763s] gmake: *** [Makefile:146: all] Error 2
[0.788s] Invoked command in '/home/fbr/Lab2/build/very_simple_robot_simulator' returned '2': CMAKE_PREFIX_PATH=${CMAKE_PREFIX_PATH}:/home/fbr/work1_ws/install/laboratorio:/home/fbr/ros2_ws/install/my_first_package:/opt/ros/humble /usr/bin/cmake --build /home/fbr/Lab2/build/very_simple_robot_simulator -- -j4 -l4
