[0.747s] Invoking command in '/home/fbr/Lab2/build/very_simple_robot_simulator': CMAKE_PREFIX_PATH=${CMAKE_PREFIX_PATH}:/home/fbr/work1_ws/install/laboratorio:/home/fbr/ros2_ws/install/my_first_package:/opt/ros/humble /usr/bin/cmake /home/fbr/Lab2/src/very_simple_robot_simulator -DAMENT_CMAKE_SYMLINK_INSTALL=1 -DCMAKE_INSTALL_PREFIX=/home/fbr/Lab2/install/very_simple_robot_simulator
[0.769s] -- Found ament_cmake: 1.3.8 (/opt/ros/humble/share/ament_cmake/cmake)
[1.185s] -- Override CMake install command with custom implementation using symlinks instead of copying resources
[1.210s] -- Found rclcpp: 16.0.8 (/opt/ros/humble/share/rclcpp/cmake)
[1.639s] -- Found rosidl_generator_c: 3.1.5 (/opt/ros/humble/share/rosidl_generator_c/cmake)
[1.645s] -- Found rosidl_adapter: 3.1.5 (/opt/ros/humble/share/rosidl_adapter/cmake)
[1.659s] -- Found rosidl_generator_cpp: 3.1.5 (/opt/ros/humble/share/rosidl_generator_cpp/cmake)
[1.705s] -- Using all available rosidl_typesupport_c: rosidl_typesupport_fastrtps_c;rosidl_typesupport_introspection_c
[1.772s] -- Using all available rosidl_typesupport_cpp: rosidl_typesupport_fastrtps_cpp;rosidl_typesupport_introspection_cpp
[2.052s] -- Found rmw_implementation_cmake: 6.1.1 (/opt/ros/humble/share/rmw_implementation_cmake/cmake)
[2.058s] -- Found rmw_fastrtps_cpp: 6.2.6 (/opt/ros/humble/share/rmw_fastrtps_cpp/cmake)
[15.567s] -- Using RMW implementation 'rmw_fastrtps_cpp' as default
[16.203s] -- Found rclpy: 3.3.12 (/opt/ros/humble/share/rclpy/cmake)
[16.204s] -- Found image_transport: 3.1.9 (/opt/ros/humble/share/image_transport/cmake)
[19.509s] -- Found nav_msgs: 4.2.3 (/opt/ros/humble/share/nav_msgs/cmake)
[19.682s] -- Found tf2: 0.25.6 (/opt/ros/humble/share/tf2/cmake)
[19.697s] -- Found tf2_geometry_msgs: 0.25.6 (/opt/ros/humble/share/tf2_geometry_msgs/cmake)
[19.705s] -- Found eigen3_cmake_module: 0.1.1 (/opt/ros/humble/share/eigen3_cmake_module/cmake)
[19.708s] -- Ensuring Eigen3 include directory is part of orocos-kdl CMake target
[20.428s] -- Found cv_bridge: 3.2.1 (/opt/ros/humble/share/cv_bridge/cmake)
[20.611s] -- Found ament_lint_auto: 0.12.10 (/opt/ros/humble/share/ament_lint_auto/cmake)
[20.766s] -- Added test 'cppcheck' to perform static code analysis on C / C++ code
[20.767s] -- Configured cppcheck include dirs: /home/fbr/Lab2/src/very_simple_robot_simulator/include/very_simple_robot_simulator
[20.768s] -- Configured cppcheck exclude dirs and/or files: 
[20.769s] -- Added test 'flake8' to check Python code syntax and style conventions
[20.771s] -- Added test 'lint_cmake' to check CMake code style
[20.773s] -- Added test 'pep257' to check Python code against some of the docstring style conventions in PEP 257
[20.778s] -- Added test 'uncrustify' to check C / C++ code style
[20.779s] -- Configured uncrustify additional arguments: 
[20.780s] -- Added test 'xmllint' to check XML markup files
[20.793s] -- Configuring done
[20.837s] -- Generating done
[20.843s] -- Build files have been written to: /home/fbr/Lab2/build/very_simple_robot_simulator
[20.861s] Invoked command in '/home/fbr/Lab2/build/very_simple_robot_simulator' returned '0': CMAKE_PREFIX_PATH=${CMAKE_PREFIX_PATH}:/home/fbr/work1_ws/install/laboratorio:/home/fbr/ros2_ws/install/my_first_package:/opt/ros/humble /usr/bin/cmake /home/fbr/Lab2/src/very_simple_robot_simulator -DAMENT_CMAKE_SYMLINK_INSTALL=1 -DCMAKE_INSTALL_PREFIX=/home/fbr/Lab2/install/very_simple_robot_simulator
[20.865s] Invoking command in '/home/fbr/Lab2/build/very_simple_robot_simulator': CMAKE_PREFIX_PATH=${CMAKE_PREFIX_PATH}:/home/fbr/work1_ws/install/laboratorio:/home/fbr/ros2_ws/install/my_first_package:/opt/ros/humble /usr/bin/cmake --build /home/fbr/Lab2/build/very_simple_robot_simulator -- -j4 -l4
[20.938s] [35m[1mConsolidate compiler generated dependencies of target kinect_simulator[0m
[20.950s] failed to create symbolic link '/home/fbr/Lab2/build/very_simple_robot_simulator/ament_cmake_python/very_simple_robot_simulator/very_simple_robot_simulator' because existing path cannot be removed: Is a directory
[20.952s] gmake[2]: *** [CMakeFiles/ament_cmake_python_symlink_very_simple_robot_simulator.dir/build.make:70: CMakeFiles/ament_cmake_python_symlink_very_simple_robot_simulator] Error 1
[20.953s] gmake[1]: *** [CMakeFiles/Makefile2:166: CMakeFiles/ament_cmake_python_symlink_very_simple_robot_simulator.dir/all] Error 2
[20.953s] gmake[1]: *** Waiting for unfinished jobs....
[20.979s] [ 25%] [32m[1mLinking CXX executable kinect_simulator[0m
[23.166s] [100%] Built target kinect_simulator
[23.168s] gmake: *** [Makefile:146: all] Error 2
[23.172s] Invoked command in '/home/fbr/Lab2/build/very_simple_robot_simulator' returned '2': CMAKE_PREFIX_PATH=${CMAKE_PREFIX_PATH}:/home/fbr/work1_ws/install/laboratorio:/home/fbr/ros2_ws/install/my_first_package:/opt/ros/humble /usr/bin/cmake --build /home/fbr/Lab2/build/very_simple_robot_simulator -- -j4 -l4
